<?xml version="1.0" encoding="UTF-8"?>
<testng-results skipped="0" failed="0" ignored="0" total="1" passed="1">
  <reporter-output>
  </reporter-output>
  <suite name="Default suite" duration-ms="7778" started-at="2022-03-27T18:48:22 EDT" finished-at="2022-03-27T18:48:30 EDT">
    <groups>
    </groups>
    <test name="Default test" duration-ms="7778" started-at="2022-03-27T18:48:22 EDT" finished-at="2022-03-27T18:48:30 EDT">
      <class name="test.Addcustomertest">
        <test-method status="PASS" signature="validusershouldbeabletocreatecustomer()[pri:0, instance:test.Addcustomertest@17d677df]" name="validusershouldbeabletocreatecustomer" duration-ms="7746" started-at="2022-03-27T18:48:22 EDT" finished-at="2022-03-27T18:48:30 EDT">
          <reporter-output>
          </reporter-output>
        </test-method> <!-- validusershouldbeabletocreatecustomer -->
      </class> <!-- test.Addcustomertest -->
    </test> <!-- Default test -->
  </suite> <!-- Default suite -->
</testng-results>
